<?xml version="1.0" encoding="UTF-8"?>
<testsuite xmlns:xsi="http://www.w3.org/2001/XMLSchema-instance" xsi:noNamespaceSchemaLocation="https://maven.apache.org/surefire/maven-surefire-plugin/xsd/surefire-test-report-3.0.xsd" version="3.0" name="edu.unisabana.dyas.tdd.registry.RegistryTest" time="0.086" tests="1" errors="0" skipped="0" failures="0">
  <properties>
    <property name="java.specification.version" value="22"/>
    <property name="sun.cpu.isalist" value="amd64"/>
    <property name="sun.jnu.encoding" value="Cp1252"/>
    <property name="java.class.path" value="C:\Users\Luisa Carpintero\Documents\Universidad\Quinto\Diseño y Arquitectura de Software\Segundo corte\NuevoProyectoMaven\ClasesEquivalencia\target\test-classes;C:\Users\Luisa Carpintero\Documents\Universidad\Quinto\Diseño y Arquitectura de Software\Segundo corte\NuevoProyectoMaven\ClasesEquivalencia\target\classes;C:\Users\Luisa Carpintero\.m2\repository\org\junit\jupiter\junit-jupiter-api\5.8.2\junit-jupiter-api-5.8.2.jar;C:\Users\Luisa Carpintero\.m2\repository\org\opentest4j\opentest4j\1.2.0\opentest4j-1.2.0.jar;C:\Users\Luisa Carpintero\.m2\repository\org\junit\platform\junit-platform-commons\1.8.2\junit-platform-commons-1.8.2.jar;C:\Users\Luisa Carpintero\.m2\repository\org\apiguardian\apiguardian-api\1.1.2\apiguardian-api-1.1.2.jar;"/>
    <property name="java.vm.vendor" value="Oracle Corporation"/>
    <property name="sun.arch.data.model" value="64"/>
    <property name="user.variant" value=""/>
    <property name="java.vendor.url" value="https://java.oracle.com/"/>
    <property name="user.timezone" value="America/Bogota"/>
    <property name="os.name" value="Windows 11"/>
    <property name="java.vm.specification.version" value="22"/>
    <property name="user.country" value="CO"/>
    <property name="sun.java.launcher" value="SUN_STANDARD"/>
    <property name="sun.boot.library.path" value="C:\Program Files\Java\jdk-22\bin"/>
    <property name="sun.java.command" value="C:\Users\Luisa Carpintero\AppData\Local\Temp\surefire10612989882284726276\surefirebooter-20240910130255138_3.jar C:\Users\Luisa Carpintero\AppData\Local\Temp\surefire10612989882284726276 2024-09-10T13-02-54_876-jvmRun1 surefire-20240910130255138_1tmp surefire_0-20240910130255138_2tmp"/>
    <property name="jdk.debug" value="release"/>
    <property name="test" value="edu.unisabana.dyas.tdd.registry.RegistryTest"/>
    <property name="surefire.test.class.path" value="C:\Users\Luisa Carpintero\Documents\Universidad\Quinto\Diseño y Arquitectura de Software\Segundo corte\NuevoProyectoMaven\ClasesEquivalencia\target\test-classes;C:\Users\Luisa Carpintero\Documents\Universidad\Quinto\Diseño y Arquitectura de Software\Segundo corte\NuevoProyectoMaven\ClasesEquivalencia\target\classes;C:\Users\Luisa Carpintero\.m2\repository\org\junit\jupiter\junit-jupiter-api\5.8.2\junit-jupiter-api-5.8.2.jar;C:\Users\Luisa Carpintero\.m2\repository\org\opentest4j\opentest4j\1.2.0\opentest4j-1.2.0.jar;C:\Users\Luisa Carpintero\.m2\repository\org\junit\platform\junit-platform-commons\1.8.2\junit-platform-commons-1.8.2.jar;C:\Users\Luisa Carpintero\.m2\repository\org\apiguardian\apiguardian-api\1.1.2\apiguardian-api-1.1.2.jar;"/>
    <property name="sun.cpu.endian" value="little"/>
    <property name="user.home" value="C:\Users\Luisa Carpintero"/>
    <property name="user.language" value="es"/>
    <property name="java.specification.vendor" value="Oracle Corporation"/>
    <property name="java.version.date" value="2024-07-16"/>
    <property name="java.home" value="C:\Program Files\Java\jdk-22"/>
    <property name="file.separator" value="\"/>
    <property name="basedir" value="C:\Users\Luisa Carpintero\Documents\Universidad\Quinto\Diseño y Arquitectura de Software\Segundo corte\NuevoProyectoMaven\ClasesEquivalencia"/>
    <property name="java.vm.compressedOopsMode" value="Zero based"/>
    <property name="line.separator" value="&#10;"/>
    <property name="java.vm.specification.vendor" value="Oracle Corporation"/>
    <property name="java.specification.name" value="Java Platform API Specification"/>
    <property name="surefire.real.class.path" value="C:\Users\Luisa Carpintero\AppData\Local\Temp\surefire10612989882284726276\surefirebooter-20240910130255138_3.jar"/>
    <property name="user.script" value=""/>
    <property name="sun.management.compiler" value="HotSpot 64-Bit Tiered Compilers"/>
    <property name="java.runtime.version" value="22.0.2+9-70"/>
    <property name="user.name" value="Luisa Carpintero"/>
    <property name="stdout.encoding" value="Cp1252"/>
    <property name="path.separator" value=";"/>
    <property name="os.version" value="10.0"/>
    <property name="java.runtime.name" value="Java(TM) SE Runtime Environment"/>
    <property name="file.encoding" value="UTF-8"/>
    <property name="java.vm.name" value="Java HotSpot(TM) 64-Bit Server VM"/>
    <property name="maven.ext.class.path" value="C:\Users\Luisa Carpintero\.vscode\extensions\oracle.oracle-java-22.1.2\nbcode\java\maven-nblib\netbeans-eventspy.jar"/>
    <property name="localRepository" value="C:\Users\Luisa Carpintero\.m2\repository"/>
    <property name="java.vendor.url.bug" value="https://bugreport.java.com/bugreport/"/>
    <property name="java.io.tmpdir" value="C:\Users\LUISAC~1\AppData\Local\Temp\"/>
    <property name="java.version" value="22.0.2"/>
    <property name="user.dir" value="C:\Users\Luisa Carpintero\Documents\Universidad\Quinto\Diseño y Arquitectura de Software\Segundo corte\NuevoProyectoMaven\ClasesEquivalencia"/>
    <property name="os.arch" value="amd64"/>
    <property name="java.vm.specification.name" value="Java Virtual Machine Specification"/>
    <property name="sun.os.patch.level" value=""/>
    <property name="native.encoding" value="Cp1252"/>
    <property name="java.library.path" value="C:\Program Files\Java\jdk-22\bin;C:\Windows\Sun\Java\bin;C:\Windows\system32;C:\Windows;C:\Program Files\Common Files\Oracle\Java\javapath;C:\Windows\system32;C:\Windows;C:\Windows\System32\Wbem;C:\Windows\System32\WindowsPowerShell\v1.0\;C:\Windows\System32\OpenSSH\;C:\Program Files\Git\cmd;C:\Program Files (x86)\PICC;C:\Users\Luisa Carpintero\AppData\Local\Microsoft\WindowsApps;C:\Users\Luisa Carpintero\AppData\Local\Programs\Microsoft VS Code\bin;C:\Users\Luisa Carpintero\Downloads\apache-maven-3.9.8\bin;C:\Users\Luisa Carpintero\AppData\Local\GitHubDesktop\bin;."/>
    <property name="java.vm.info" value="mixed mode, sharing"/>
    <property name="stderr.encoding" value="Cp1252"/>
    <property name="java.vendor" value="Oracle Corporation"/>
    <property name="java.vm.version" value="22.0.2+9-70"/>
    <property name="sun.io.unicode.encoding" value="UnicodeLittle"/>
    <property name="java.class.version" value="66.0"/>
  </properties>
  <testcase name="validateRegistryResult" classname="edu.unisabana.dyas.tdd.registry.RegistryTest" time="0.06"/>
</testsuite>